2022-11-20 11:20:46 [py.warnings] WARNING: /opt/homebrew/Caskroom/miniforge/base/lib/python3.9/site-packages/scrapy/utils/request.py:231: ScrapyDeprecationWarning: '2.6' is a deprecated value for the 'REQUEST_FINGERPRINTER_IMPLEMENTATION' setting.

It is also the default value. In other words, it is normal to get this warning if you have not defined a value for the 'REQUEST_FINGERPRINTER_IMPLEMENTATION' setting. This is so for backward compatibility reasons, but it will change in a future version of Scrapy.

See the documentation of the 'REQUEST_FINGERPRINTER_IMPLEMENTATION' setting for information on how to handle this deprecation.
  return cls(crawler)

2022-11-20 11:20:46 [scrapy.utils.log] DEBUG: Using reactor: twisted.internet.selectreactor.SelectReactor
2022-11-20 11:20:46 [scrapy.extensions.telnet] INFO: Telnet Password: 6cfe4b028384f255
2022-11-20 11:20:46 [py.warnings] WARNING: /opt/homebrew/Caskroom/miniforge/base/lib/python3.9/site-packages/scrapy/extensions/feedexport.py:289: ScrapyDeprecationWarning: The `FEED_URI` and `FEED_FORMAT` settings have been deprecated in favor of the `FEEDS` setting. Please see the `FEEDS` setting docs for more details
  exporter = cls(crawler)

2022-11-20 11:20:46 [scrapy.middleware] INFO: Enabled extensions:
['scrapy.extensions.corestats.CoreStats',
 'scrapy.extensions.telnet.TelnetConsole',
 'scrapy.extensions.memusage.MemoryUsage',
 'scrapy.extensions.feedexport.FeedExporter',
 'scrapy.extensions.logstats.LogStats',
 'scrapy.extensions.throttle.AutoThrottle']
2022-11-20 11:20:46 [scrapy.middleware] INFO: Enabled downloader middlewares:
['scrapy.downloadermiddlewares.httpauth.HttpAuthMiddleware',
 'scrapy.downloadermiddlewares.downloadtimeout.DownloadTimeoutMiddleware',
 'scrapy.downloadermiddlewares.defaultheaders.DefaultHeadersMiddleware',
 'scrapy.downloadermiddlewares.useragent.UserAgentMiddleware',
 'GenericWebScraper.middlewares.GenericwebscraperDownloaderMiddleware',
 'scrapy.downloadermiddlewares.retry.RetryMiddleware',
 'scrapy.downloadermiddlewares.ajaxcrawl.AjaxCrawlMiddleware',
 'scrapy.downloadermiddlewares.redirect.MetaRefreshMiddleware',
 'scrapy.downloadermiddlewares.httpcompression.HttpCompressionMiddleware',
 'scrapy.downloadermiddlewares.redirect.RedirectMiddleware',
 'scrapy.downloadermiddlewares.httpproxy.HttpProxyMiddleware',
 'scrapy.downloadermiddlewares.stats.DownloaderStats',
 'scrapy.downloadermiddlewares.httpcache.HttpCacheMiddleware']
2022-11-20 11:20:46 [scrapy.middleware] INFO: Enabled spider middlewares:
['scrapy.spidermiddlewares.httperror.HttpErrorMiddleware',
 'scrapy.spidermiddlewares.offsite.OffsiteMiddleware',
 'GenericWebScraper.middlewares.GenericwebscraperSpiderMiddleware',
 'scrapy.spidermiddlewares.referer.RefererMiddleware',
 'scrapy.spidermiddlewares.urllength.UrlLengthMiddleware',
 'scrapy.spidermiddlewares.depth.DepthMiddleware']
2022-11-20 11:20:46 [scrapy.middleware] INFO: Enabled item pipelines:
['GenericWebScraper.pipelines.GenericwebscraperPipeline']
2022-11-20 11:20:46 [scrapy.core.engine] INFO: Spider opened
2022-11-20 11:20:46 [scrapy.extensions.logstats] INFO: Crawled 0 pages (at 0 pages/min), scraped 0 items (at 0 items/min)
2022-11-20 11:20:46 [spider] INFO: Spider opened: spider
2022-11-20 11:20:46 [scrapy.extensions.httpcache] DEBUG: Using filesystem cache storage in /Users/tvo/Documents/Competitive Coding/WebScraper/GenericWebScraper/.scrapy/httpcache
2022-11-20 11:20:46 [spider] INFO: Spider opened: spider
2022-11-20 11:20:46 [scrapy.extensions.telnet] INFO: Telnet console listening on 127.0.0.1:6024
2022-11-20 11:20:46 [scrapy.downloadermiddlewares.redirect] DEBUG: Redirecting (301) to <GET https://www.facebook.com/> from <GET http://www.facebook.com>
2022-11-20 11:20:46 [scrapy.core.scraper] ERROR: Error downloading <GET https://www.facebook.com/>
Traceback (most recent call last):
  File "/opt/homebrew/Caskroom/miniforge/base/lib/python3.9/site-packages/twisted/internet/defer.py", line 1693, in _inlineCallbacks
    result = context.run(
  File "/opt/homebrew/Caskroom/miniforge/base/lib/python3.9/site-packages/twisted/python/failure.py", line 518, in throwExceptionIntoGenerator
    return g.throw(self.type, self.value, self.tb)
  File "/opt/homebrew/Caskroom/miniforge/base/lib/python3.9/site-packages/scrapy/core/downloader/middleware.py", line 49, in process_request
    return (yield download_func(request=request, spider=spider))
  File "/opt/homebrew/Caskroom/miniforge/base/lib/python3.9/site-packages/scrapy/utils/defer.py", line 72, in mustbe_deferred
    result = f(*args, **kw)
  File "/opt/homebrew/Caskroom/miniforge/base/lib/python3.9/site-packages/scrapy/core/downloader/handlers/__init__.py", line 75, in download_request
    return handler.download_request(request, spider)
  File "/opt/homebrew/Caskroom/miniforge/base/lib/python3.9/site-packages/scrapy/core/downloader/handlers/http11.py", line 65, in download_request
    return agent.download_request(request)
  File "/opt/homebrew/Caskroom/miniforge/base/lib/python3.9/site-packages/scrapy/core/downloader/handlers/http11.py", line 340, in download_request
    d = agent.request(method, to_bytes(url, encoding='ascii'), headers, bodyproducer)
  File "/opt/homebrew/Caskroom/miniforge/base/lib/python3.9/site-packages/twisted/web/client.py", line 1148, in request
    endpoint = self._getEndpoint(parsedURI)
  File "/opt/homebrew/Caskroom/miniforge/base/lib/python3.9/site-packages/twisted/web/client.py", line 1132, in _getEndpoint
    return self._endpointFactory.endpointForURI(uri)
  File "/opt/homebrew/Caskroom/miniforge/base/lib/python3.9/site-packages/twisted/web/client.py", line 1003, in endpointForURI
    connectionCreator = self._policyForHTTPS.creatorForNetloc(
  File "/opt/homebrew/Caskroom/miniforge/base/lib/python3.9/site-packages/scrapy/core/downloader/contextfactory.py", line 67, in creatorForNetloc
    return ScrapyClientTLSOptions(hostname.decode("ascii"), self.getContext(),
  File "/opt/homebrew/Caskroom/miniforge/base/lib/python3.9/site-packages/scrapy/core/downloader/tls.py", line 40, in __init__
    super().__init__(hostname, ctx)
  File "/opt/homebrew/Caskroom/miniforge/base/lib/python3.9/site-packages/twisted/internet/_sslverify.py", line 1128, in __init__
    ctx.set_info_callback(_tolerateErrors(self._identityVerifyingInfoCallback))
  File "/opt/homebrew/Caskroom/miniforge/base/lib/python3.9/site-packages/OpenSSL/SSL.py", line 1287, in set_info_callback
    self._info_callback = _ffi.callback(
MemoryError: Cannot allocate write+execute memory for ffi.callback(). You might be running on a system that prevents this. For more information, see https://cffi.readthedocs.io/en/latest/using.html#callbacks
2022-11-20 11:20:47 [scrapy.core.engine] INFO: Closing spider (finished)
2022-11-20 11:20:47 [scrapy.statscollectors] INFO: Dumping Scrapy stats:
{'downloader/exception_count': 1,
 'downloader/exception_type_count/builtins.MemoryError': 1,
 'downloader/request_bytes': 440,
 'downloader/request_count': 2,
 'downloader/request_method_count/GET': 2,
 'downloader/response_bytes': 176,
 'downloader/response_count': 1,
 'downloader/response_status_count/301': 1,
 'elapsed_time_seconds': 0.325081,
 'finish_reason': 'finished',
 'finish_time': datetime.datetime(2022, 11, 20, 19, 20, 47, 75345),
 'httpcache/hit': 1,
 'httpcache/miss': 1,
 'log_count/DEBUG': 3,
 'log_count/ERROR': 1,
 'log_count/INFO': 12,
 'log_count/WARNING': 2,
 'memusage/max': 62423040,
 'memusage/startup': 62423040,
 'scheduler/dequeued': 2,
 'scheduler/dequeued/memory': 2,
 'scheduler/enqueued': 2,
 'scheduler/enqueued/memory': 2,
 'start_time': datetime.datetime(2022, 11, 20, 19, 20, 46, 750264)}
2022-11-20 11:20:47 [scrapy.core.engine] INFO: Spider closed (finished)
2022-11-20 11:29:50 [scrapy.core.scraper] ERROR: Error downloading <GET https://www.facebook.com/>
Traceback (most recent call last):
  File "/opt/homebrew/Caskroom/miniforge/base/lib/python3.9/site-packages/twisted/internet/defer.py", line 1693, in _inlineCallbacks
    result = context.run(
  File "/opt/homebrew/Caskroom/miniforge/base/lib/python3.9/site-packages/twisted/python/failure.py", line 518, in throwExceptionIntoGenerator
    return g.throw(self.type, self.value, self.tb)
  File "/opt/homebrew/Caskroom/miniforge/base/lib/python3.9/site-packages/scrapy/core/downloader/middleware.py", line 49, in process_request
    return (yield download_func(request=request, spider=spider))
  File "/opt/homebrew/Caskroom/miniforge/base/lib/python3.9/site-packages/scrapy/utils/defer.py", line 72, in mustbe_deferred
    result = f(*args, **kw)
  File "/opt/homebrew/Caskroom/miniforge/base/lib/python3.9/site-packages/scrapy/core/downloader/handlers/__init__.py", line 75, in download_request
    return handler.download_request(request, spider)
  File "/opt/homebrew/Caskroom/miniforge/base/lib/python3.9/site-packages/scrapy/core/downloader/handlers/http11.py", line 65, in download_request
    return agent.download_request(request)
  File "/opt/homebrew/Caskroom/miniforge/base/lib/python3.9/site-packages/scrapy/core/downloader/handlers/http11.py", line 340, in download_request
    d = agent.request(method, to_bytes(url, encoding='ascii'), headers, bodyproducer)
  File "/opt/homebrew/Caskroom/miniforge/base/lib/python3.9/site-packages/twisted/web/client.py", line 1148, in request
    endpoint = self._getEndpoint(parsedURI)
  File "/opt/homebrew/Caskroom/miniforge/base/lib/python3.9/site-packages/twisted/web/client.py", line 1132, in _getEndpoint
    return self._endpointFactory.endpointForURI(uri)
  File "/opt/homebrew/Caskroom/miniforge/base/lib/python3.9/site-packages/twisted/web/client.py", line 1003, in endpointForURI
    connectionCreator = self._policyForHTTPS.creatorForNetloc(
  File "/opt/homebrew/Caskroom/miniforge/base/lib/python3.9/site-packages/scrapy/core/downloader/contextfactory.py", line 67, in creatorForNetloc
    return ScrapyClientTLSOptions(hostname.decode("ascii"), self.getContext(),
  File "/opt/homebrew/Caskroom/miniforge/base/lib/python3.9/site-packages/scrapy/core/downloader/tls.py", line 40, in __init__
    super().__init__(hostname, ctx)
  File "/opt/homebrew/Caskroom/miniforge/base/lib/python3.9/site-packages/twisted/internet/_sslverify.py", line 1128, in __init__
    ctx.set_info_callback(_tolerateErrors(self._identityVerifyingInfoCallback))
  File "/opt/homebrew/Caskroom/miniforge/base/lib/python3.9/site-packages/OpenSSL/SSL.py", line 1287, in set_info_callback
    self._info_callback = _ffi.callback(
MemoryError: Cannot allocate write+execute memory for ffi.callback(). You might be running on a system that prevents this. For more information, see https://cffi.readthedocs.io/en/latest/using.html#callbacks
2022-11-20 11:36:28 [scrapy.core.scraper] ERROR: Error downloading <GET https://www.facebook.com/>
Traceback (most recent call last):
  File "/opt/homebrew/Caskroom/miniforge/base/lib/python3.9/site-packages/twisted/internet/defer.py", line 1693, in _inlineCallbacks
    result = context.run(
  File "/opt/homebrew/Caskroom/miniforge/base/lib/python3.9/site-packages/twisted/python/failure.py", line 518, in throwExceptionIntoGenerator
    return g.throw(self.type, self.value, self.tb)
  File "/opt/homebrew/Caskroom/miniforge/base/lib/python3.9/site-packages/scrapy/core/downloader/middleware.py", line 49, in process_request
    return (yield download_func(request=request, spider=spider))
  File "/opt/homebrew/Caskroom/miniforge/base/lib/python3.9/site-packages/scrapy/utils/defer.py", line 72, in mustbe_deferred
    result = f(*args, **kw)
  File "/opt/homebrew/Caskroom/miniforge/base/lib/python3.9/site-packages/scrapy/core/downloader/handlers/__init__.py", line 75, in download_request
    return handler.download_request(request, spider)
  File "/opt/homebrew/Caskroom/miniforge/base/lib/python3.9/site-packages/scrapy/core/downloader/handlers/http11.py", line 65, in download_request
    return agent.download_request(request)
  File "/opt/homebrew/Caskroom/miniforge/base/lib/python3.9/site-packages/scrapy/core/downloader/handlers/http11.py", line 340, in download_request
    d = agent.request(method, to_bytes(url, encoding='ascii'), headers, bodyproducer)
  File "/opt/homebrew/Caskroom/miniforge/base/lib/python3.9/site-packages/twisted/web/client.py", line 1148, in request
    endpoint = self._getEndpoint(parsedURI)
  File "/opt/homebrew/Caskroom/miniforge/base/lib/python3.9/site-packages/twisted/web/client.py", line 1132, in _getEndpoint
    return self._endpointFactory.endpointForURI(uri)
  File "/opt/homebrew/Caskroom/miniforge/base/lib/python3.9/site-packages/twisted/web/client.py", line 1003, in endpointForURI
    connectionCreator = self._policyForHTTPS.creatorForNetloc(
  File "/opt/homebrew/Caskroom/miniforge/base/lib/python3.9/site-packages/scrapy/core/downloader/contextfactory.py", line 67, in creatorForNetloc
    return ScrapyClientTLSOptions(hostname.decode("ascii"), self.getContext(),
  File "/opt/homebrew/Caskroom/miniforge/base/lib/python3.9/site-packages/scrapy/core/downloader/tls.py", line 40, in __init__
    super().__init__(hostname, ctx)
  File "/opt/homebrew/Caskroom/miniforge/base/lib/python3.9/site-packages/twisted/internet/_sslverify.py", line 1128, in __init__
    ctx.set_info_callback(_tolerateErrors(self._identityVerifyingInfoCallback))
  File "/opt/homebrew/Caskroom/miniforge/base/lib/python3.9/site-packages/OpenSSL/SSL.py", line 1287, in set_info_callback
    self._info_callback = _ffi.callback(
MemoryError: Cannot allocate write+execute memory for ffi.callback(). You might be running on a system that prevents this. For more information, see https://cffi.readthedocs.io/en/latest/using.html#callbacks
